<?xml version="1.0" encoding="UTF-8"?>
<!-- Generated by org.testng.reporters.JUnitReportReporter -->
<testsuite hostname="DESKTOP-U4UQ2MB" failures="0" tests="1" name="ABC.Myntraa" time="10.328" errors="0" timestamp="2023-07-19T22:05:51 IST" skipped="0">
  <testcase classname="ABC.Myntraa" name="f" time="10.328"/>
  <system-out/>
</testsuite> <!-- ABC.Myntraa -->
