<?xml version="1.0" encoding="UTF-8"?>
<!-- Generated by org.testng.reporters.JUnitReportReporter -->
<testsuite hostname="DESKTOP-U4UQ2MB" failures="0" tests="1" name="ABC.Flipkart" time="11.748" errors="0" timestamp="2023-07-19T22:02:11 IST" skipped="0">
  <testcase classname="ABC.Flipkart" name="f" time="11.748"/>
  <system-out/>
</testsuite> <!-- ABC.Flipkart -->
